Add component: Footprint Not Found CAPC2013X145X48NL20T23
Add component: Footprint Not Found CAPC2013X145X48NL20T23
Add component: Footprint Not Found CAPC2013X145X48NL20T23
Add component: Footprint Not Found CAPC2013X145X48NL20T23
Add component: Footprint Not Found CAPC2013X145X48NL20T23
Add component: Footprint Not Found CAPC2013X145X48NL20T23
Add component: Footprint Not Found CAPC2013X145X48NL20T23
Add component: Footprint Not Found CAPC2013X145X48NL20T23
Add component: Footprint Not Found CAPC2013X145X48NL20T23
Add component: Footprint Not Found CAPC2013X145X48NL20T23
Add component: Footprint Not Found CAPC2013X145X48NL20T23
Add component: Footprint Not Found CAPC2013X145X48NL20T23
Add component: Footprint Not Found CAPC2013X145X48NL20T23
Add component: Footprint Not Found CAPC2013X145X48NL20T23
Add component: Footprint Not Found CAPC2013X145X48NL20T23
Add component: Footprint Not Found CAPC2013X145X48NL20T23
Add component: Footprint Not Found CAPC2013X145X48NL20T23
Add component: Footprint Not Found CAPC2013X145X48NL20T23
Add component: Footprint Not Found CAPC2013X145X48NL20T23
Add component: Footprint Not Found CAPC2013X145X48NL20T23
Add component: Footprint Not Found JST_B3B-PH-K-S
Add component: Footprint Not Found JST_B6B-PH-K
Add component: Footprint Not Found SAMTEC_MTSW-101-X-X-D-X
Add component: Footprint Not Found SAMTEC_MTSW-101-X-X-D-X
Add component: Footprint Not Found SAMTEC_MTSW-101-X-X-D-X
Add component: Footprint Not Found SAMTEC_MTSW-101-X-X-D-X
Add component: Footprint Not Found SAMTEC_MTSW-101-X-X-D-X
Add component: Footprint Not Found SAMTEC_MTSW-101-X-X-D-X
Add component: Footprint Not Found JST_B6B-PH-K
Add component: Footprint Not Found JST_B6B-PH-K
Add component: Footprint Not Found JST_B6B-PH-K
Add component: Footprint Not Found JST_B6B-PH-K
Add component: Footprint Not Found SAMTEC_MTSW-101-X-X-D-X
Add component: Footprint Not Found SAMTEC_MTSW-101-X-X-D-X
Add component: Footprint Not Found SAMTEC_MTSW-101-X-X-D-X
Add component: Footprint Not Found SAMTEC_MTSW-101-X-X-D-X
Add component: Footprint Not Found SAMTEC_MTSW-101-X-X-D-X
Add component: Footprint Not Found SAMTEC_MTSW-101-X-X-D-X
Add component: Footprint Not Found SAMTEC_MTSW-101-X-X-D-X
Add component: Footprint Not Found SAMTEC_MTSW-101-X-X-D-X
Add component: Footprint Not Found SAMTEC_MTSW-101-X-X-D-X
Add component: Footprint Not Found JST_B3B-PH-K-S
Add component: Footprint Not Found TRANS_BC547C
Add component: Footprint Not Found FP-RT0805-MFG
Add component: Footprint Not Found FP-RT0805-MFG
Add component: Footprint Not Found FP-RT0805-MFG
Add component: Footprint Not Found FP-RT0805-MFG
Add component: Footprint Not Found FP-RT0805-MFG
Add component: Footprint Not Found FP-RT0805-MFG
Add component: Footprint Not Found FP-RT0805-MFG
Add component: Footprint Not Found FP-RT0805-MFG
Add component: Footprint Not Found FP-RT0805-MFG
Add component: Footprint Not Found FP-RT0805-MFG
Add component: Footprint Not Found FP-RT0805-MFG
Add component: Footprint Not Found FP-RT0805-MFG
Add component: Footprint Not Found FP-RT0805-MFG
Add component: Footprint Not Found FP-RT0805-MFG
Add component: Footprint Not Found FP-RT0805-MFG
Add component: Footprint Not Found FP-RT0805-MFG
Add component: Footprint Not Found FP-RT0805-MFG
Add component: Footprint Not Found FP-RT0805-MFG
Add component: Footprint Not Found FP-RT0805-MFG
Add component: Footprint Not Found FP-RT0805-MFG
Add component: Footprint Not Found FP-RT0805-MFG
Add component: Footprint Not Found FP-RT0805-MFG
Add component: Footprint Not Found FP-RT0805-MFG
Add component: Footprint Not Found FP-RT0805-MFG
Add component: Footprint Not Found FP-RT0805-MFG
Add component: Footprint Not Found FP-RT0805-MFG
Add component: Footprint Not Found FP-RT0805-MFG
Add component: Footprint Not Found FP-RT0805-MFG
Add component: Footprint Not Found FP-RT0805-MFG
Add component: Footprint Not Found FP-RT0805-MFG
Add component: Footprint Not Found FP-RT0805-MFG
Add component: Footprint Not Found FP-SI5351A-B-GTR-IPC_A
Add component: Footprint Not Found FP-SO-16-IPC_B
Add component: Footprint Not Found SOIC8
Add component: Footprint Not Found SOIC8
Add component: Footprint Not Found SOIC8
Add component: Footprint Not Found DIP762W45P254L1950H420Q14
Add component: Footprint Not Found ABM8W_MFG
Add Pin To Net: Unknown Pin: Pin C1-1
Add Pin To Net: Unknown Pin: Pin C1-2
Add Pin To Net: Unknown Pin: Pin C2-1
Add Pin To Net: Unknown Pin: Pin C2-2
Add Pin To Net: Unknown Pin: Pin C3-1
Add Pin To Net: Unknown Pin: Pin C3-2
Add Pin To Net: Unknown Pin: Pin C4-1
Add Pin To Net: Unknown Pin: Pin C4-2
Add Pin To Net: Unknown Pin: Pin C5-1
Add Pin To Net: Unknown Pin: Pin C5-2
Add Pin To Net: Unknown Pin: Pin C6-1
Add Pin To Net: Unknown Pin: Pin C6-2
Add Pin To Net: Unknown Pin: Pin C7-1
Add Pin To Net: Unknown Pin: Pin C7-2
Add Pin To Net: Unknown Pin: Pin C8-1
Add Pin To Net: Unknown Pin: Pin C8-2
Add Pin To Net: Unknown Pin: Pin C9-1
Add Pin To Net: Unknown Pin: Pin C9-2
Add Pin To Net: Unknown Pin: Pin C10-1
Add Pin To Net: Unknown Pin: Pin C10-2
Add Pin To Net: Unknown Pin: Pin C11-1
Add Pin To Net: Unknown Pin: Pin C11-2
Add Pin To Net: Unknown Pin: Pin C12-1
Add Pin To Net: Unknown Pin: Pin C12-2
Add Pin To Net: Unknown Pin: Pin C13-1
Add Pin To Net: Unknown Pin: Pin C13-2
Add Pin To Net: Unknown Pin: Pin C14-1
Add Pin To Net: Unknown Pin: Pin C14-2
Add Pin To Net: Unknown Pin: Pin C15-1
Add Pin To Net: Unknown Pin: Pin C15-2
Add Pin To Net: Unknown Pin: Pin C16-1
Add Pin To Net: Unknown Pin: Pin C16-2
Add Pin To Net: Unknown Pin: Pin C17-1
Add Pin To Net: Unknown Pin: Pin C17-2
Add Pin To Net: Unknown Pin: Pin C18-1
Add Pin To Net: Unknown Pin: Pin C18-2
Add Pin To Net: Unknown Pin: Pin C19-1
Add Pin To Net: Unknown Pin: Pin C19-2
Add Pin To Net: Unknown Pin: Pin C20-1
Add Pin To Net: Unknown Pin: Pin C20-2
Add Pin To Net: Unknown Pin: Pin J1-1
Add Pin To Net: Unknown Pin: Pin J1-2
Add Pin To Net: Unknown Pin: Pin J1-3
Add Pin To Net: Unknown Pin: Pin J3-1
Add Pin To Net: Unknown Pin: Pin J3-2
Add Pin To Net: Unknown Pin: Pin J3-3
Add Pin To Net: Unknown Pin: Pin J3-4
Add Pin To Net: Unknown Pin: Pin J3-5
Add Pin To Net: Unknown Pin: Pin J3-6
Add Pin To Net: Unknown Pin: Pin J4-1
Add Pin To Net: Unknown Pin: Pin J4-2
Add Pin To Net: Unknown Pin: Pin J5-1
Add Pin To Net: Unknown Pin: Pin J5-2
Add Pin To Net: Unknown Pin: Pin J6-1
Add Pin To Net: Unknown Pin: Pin J6-2
Add Pin To Net: Unknown Pin: Pin J7-1
Add Pin To Net: Unknown Pin: Pin J7-2
Add Pin To Net: Unknown Pin: Pin J8-1
Add Pin To Net: Unknown Pin: Pin J8-2
Add Pin To Net: Unknown Pin: Pin J9-1
Add Pin To Net: Unknown Pin: Pin J9-2
Add Pin To Net: Unknown Pin: Pin J10-1
Add Pin To Net: Unknown Pin: Pin J10-2
Add Pin To Net: Unknown Pin: Pin J10-3
Add Pin To Net: Unknown Pin: Pin J10-4
Add Pin To Net: Unknown Pin: Pin J10-5
Add Pin To Net: Unknown Pin: Pin J10-6
Add Pin To Net: Unknown Pin: Pin J12-1
Add Pin To Net: Unknown Pin: Pin J12-2
Add Pin To Net: Unknown Pin: Pin J12-3
Add Pin To Net: Unknown Pin: Pin J12-4
Add Pin To Net: Unknown Pin: Pin J12-5
Add Pin To Net: Unknown Pin: Pin J12-6
Add Pin To Net: Unknown Pin: Pin J13-1
Add Pin To Net: Unknown Pin: Pin J13-2
Add Pin To Net: Unknown Pin: Pin J13-3
Add Pin To Net: Unknown Pin: Pin J13-4
Add Pin To Net: Unknown Pin: Pin J13-5
Add Pin To Net: Unknown Pin: Pin J13-6
Add Pin To Net: Unknown Pin: Pin J14-1
Add Pin To Net: Unknown Pin: Pin J14-2
Add Pin To Net: Unknown Pin: Pin J14-3
Add Pin To Net: Unknown Pin: Pin J14-4
Add Pin To Net: Unknown Pin: Pin J14-5
Add Pin To Net: Unknown Pin: Pin J14-6
Add Pin To Net: Unknown Pin: Pin J15-1
Add Pin To Net: Unknown Pin: Pin J15-2
Add Pin To Net: Unknown Pin: Pin J16-1
Add Pin To Net: Unknown Pin: Pin J16-2
Add Pin To Net: Unknown Pin: Pin J17-1
Add Pin To Net: Unknown Pin: Pin J17-2
Add Pin To Net: Unknown Pin: Pin J18-1
Add Pin To Net: Unknown Pin: Pin J18-2
Add Pin To Net: Unknown Pin: Pin J19-1
Add Pin To Net: Unknown Pin: Pin J19-2
Add Pin To Net: Unknown Pin: Pin J20-1
Add Pin To Net: Unknown Pin: Pin J20-2
Add Pin To Net: Unknown Pin: Pin J21-1
Add Pin To Net: Unknown Pin: Pin J21-2
Add Pin To Net: Unknown Pin: Pin J22-1
Add Pin To Net: Unknown Pin: Pin J22-2
Add Pin To Net: Unknown Pin: Pin J23-1
Add Pin To Net: Unknown Pin: Pin J23-2
Add Pin To Net: Unknown Pin: Pin J24-1
Add Pin To Net: Unknown Pin: Pin J24-2
Add Pin To Net: Unknown Pin: Pin J24-3
Add Pin To Net: Unknown Pin: Pin Q1-1
Add Pin To Net: Unknown Pin: Pin Q1-2
Add Pin To Net: Unknown Pin: Pin Q1-3
Add Pin To Net: Unknown Pin: Pin R1-1
Add Pin To Net: Unknown Pin: Pin R1-2
Add Pin To Net: Unknown Pin: Pin R2-1
Add Pin To Net: Unknown Pin: Pin R2-2
Add Pin To Net: Unknown Pin: Pin R3-1
Add Pin To Net: Unknown Pin: Pin R3-2
Add Pin To Net: Unknown Pin: Pin R4-1
Add Pin To Net: Unknown Pin: Pin R4-2
Add Pin To Net: Unknown Pin: Pin R5-1
Add Pin To Net: Unknown Pin: Pin R5-2
Add Pin To Net: Unknown Pin: Pin R8-1
Add Pin To Net: Unknown Pin: Pin R8-2
Add Pin To Net: Unknown Pin: Pin R9-1
Add Pin To Net: Unknown Pin: Pin R9-2
Add Pin To Net: Unknown Pin: Pin R10-1
Add Pin To Net: Unknown Pin: Pin R10-2
Add Pin To Net: Unknown Pin: Pin R11-1
Add Pin To Net: Unknown Pin: Pin R11-2
Add Pin To Net: Unknown Pin: Pin R12-1
Add Pin To Net: Unknown Pin: Pin R12-2
Add Pin To Net: Unknown Pin: Pin R13-1
Add Pin To Net: Unknown Pin: Pin R13-2
Add Pin To Net: Unknown Pin: Pin R17-1
Add Pin To Net: Unknown Pin: Pin R17-2
Add Pin To Net: Unknown Pin: Pin R18-1
Add Pin To Net: Unknown Pin: Pin R18-2
Add Pin To Net: Unknown Pin: Pin R19-1
Add Pin To Net: Unknown Pin: Pin R19-2
Add Pin To Net: Unknown Pin: Pin R20-1
Add Pin To Net: Unknown Pin: Pin R20-2
Add Pin To Net: Unknown Pin: Pin R21-1
Add Pin To Net: Unknown Pin: Pin R21-2
Add Pin To Net: Unknown Pin: Pin R22-1
Add Pin To Net: Unknown Pin: Pin R22-2
Add Pin To Net: Unknown Pin: Pin R23-1
Add Pin To Net: Unknown Pin: Pin R23-2
Add Pin To Net: Unknown Pin: Pin R24-1
Add Pin To Net: Unknown Pin: Pin R24-2
Add Pin To Net: Unknown Pin: Pin R25-1
Add Pin To Net: Unknown Pin: Pin R25-2
Add Pin To Net: Unknown Pin: Pin R26-1
Add Pin To Net: Unknown Pin: Pin R26-2
Add Pin To Net: Unknown Pin: Pin R27-1
Add Pin To Net: Unknown Pin: Pin R27-2
Add Pin To Net: Unknown Pin: Pin R28-1
Add Pin To Net: Unknown Pin: Pin R28-2
Add Pin To Net: Unknown Pin: Pin R29-1
Add Pin To Net: Unknown Pin: Pin R29-2
Add Pin To Net: Unknown Pin: Pin R30-1
Add Pin To Net: Unknown Pin: Pin R30-2
Add Pin To Net: Unknown Pin: Pin R31-1
Add Pin To Net: Unknown Pin: Pin R31-2
Add Pin To Net: Unknown Pin: Pin R32-1
Add Pin To Net: Unknown Pin: Pin R32-2
Add Pin To Net: Unknown Pin: Pin R33-1
Add Pin To Net: Unknown Pin: Pin R33-2
Add Pin To Net: Unknown Pin: Pin R34-1
Add Pin To Net: Unknown Pin: Pin R34-2
Add Pin To Net: Unknown Pin: Pin R35-1
Add Pin To Net: Unknown Pin: Pin R35-2
Add Pin To Net: Unknown Pin: Pin R36-1
Add Pin To Net: Unknown Pin: Pin R36-2
Add Pin To Net: Unknown Pin: Pin U1-1
Add Pin To Net: Unknown Pin: Pin U1-2
Add Pin To Net: Unknown Pin: Pin U1-3
Add Pin To Net: Unknown Pin: Pin U1-4
Add Pin To Net: Unknown Pin: Pin U1-5
Add Pin To Net: Unknown Pin: Pin U1-6
Add Pin To Net: Unknown Pin: Pin U1-7
Add Pin To Net: Unknown Pin: Pin U1-8
Add Pin To Net: Unknown Pin: Pin U1-9
Add Pin To Net: Unknown Pin: Pin U1-10
Add Pin To Net: Unknown Pin: Pin U2-1
Add Pin To Net: Unknown Pin: Pin U2-2
Add Pin To Net: Unknown Pin: Pin U2-3
Add Pin To Net: Unknown Pin: Pin U2-4
Add Pin To Net: Unknown Pin: Pin U2-5
Add Pin To Net: Unknown Pin: Pin U2-6
Add Pin To Net: Unknown Pin: Pin U2-7
Add Pin To Net: Unknown Pin: Pin U2-8
Add Pin To Net: Unknown Pin: Pin U2-9
Add Pin To Net: Unknown Pin: Pin U2-10
Add Pin To Net: Unknown Pin: Pin U2-11
Add Pin To Net: Unknown Pin: Pin U2-12
Add Pin To Net: Unknown Pin: Pin U2-13
Add Pin To Net: Unknown Pin: Pin U2-14
Add Pin To Net: Unknown Pin: Pin U2-15
Add Pin To Net: Unknown Pin: Pin U2-16
Add Pin To Net: Unknown Pin: Pin U3-1
Add Pin To Net: Unknown Pin: Pin U3-2
Add Pin To Net: Unknown Pin: Pin U3-3
Add Pin To Net: Unknown Pin: Pin U3-4
Add Pin To Net: Unknown Pin: Pin U3-6
Add Pin To Net: Unknown Pin: Pin U4-1
Add Pin To Net: Unknown Pin: Pin U4-2
Add Pin To Net: Unknown Pin: Pin U4-3
Add Pin To Net: Unknown Pin: Pin U4-4
Add Pin To Net: Unknown Pin: Pin U4-5
Add Pin To Net: Unknown Pin: Pin U4-6
Add Pin To Net: Unknown Pin: Pin U4-7
Add Pin To Net: Unknown Pin: Pin U4-8
Add Pin To Net: Unknown Pin: Pin U5-1
Add Pin To Net: Unknown Pin: Pin U5-2
Add Pin To Net: Unknown Pin: Pin U5-3
Add Pin To Net: Unknown Pin: Pin U5-4
Add Pin To Net: Unknown Pin: Pin U5-5
Add Pin To Net: Unknown Pin: Pin U5-6
Add Pin To Net: Unknown Pin: Pin U5-7
Add Pin To Net: Unknown Pin: Pin U5-8
Add Pin To Net: Unknown Pin: Pin U6-1
Add Pin To Net: Unknown Pin: Pin U6-2
Add Pin To Net: Unknown Pin: Pin U6-3
Add Pin To Net: Unknown Pin: Pin U6-4
Add Pin To Net: Unknown Pin: Pin U6-5
Add Pin To Net: Unknown Pin: Pin U6-6
Add Pin To Net: Unknown Pin: Pin U6-7
Add Pin To Net: Unknown Pin: Pin U6-8
Add Pin To Net: Unknown Pin: Pin U7-1
Add Pin To Net: Unknown Pin: Pin U7-2
Add Pin To Net: Unknown Pin: Pin U7-3
Add Pin To Net: Unknown Pin: Pin U7-4
Add Pin To Net: Unknown Pin: Pin U7-5
Add Pin To Net: Unknown Pin: Pin U7-6
Add Pin To Net: Unknown Pin: Pin U7-8
Add Pin To Net: Unknown Pin: Pin U7-9
Add Pin To Net: Unknown Pin: Pin U7-10
Add Pin To Net: Unknown Pin: Pin U7-11
Add Pin To Net: Unknown Pin: Pin U7-12
Add Pin To Net: Unknown Pin: Pin U7-13
Add Pin To Net: Unknown Pin: Pin U7-14
Add Pin To Net: Unknown Pin: Pin X1-1
Add Pin To Net: Unknown Pin: Pin X1-2
Add Pin To Net: Unknown Pin: Pin X1-3
Add Pin To Net: Unknown Pin: Pin X1-4
Add Class Member: Failed to add class member : Component C1 470nF
Add Class Member: Failed to add class member : Component C2 470nF
Add Class Member: Failed to add class member : Component C3 0.47µF
Add Class Member: Failed to add class member : Component C4 0.47µF
Add Class Member: Failed to add class member : Component C5 0.1µF
Add Class Member: Failed to add class member : Component C6 1µF
Add Class Member: Failed to add class member : Component C7 1µF
Add Class Member: Failed to add class member : Component C8 470µF
Add Class Member: Failed to add class member : Component C9 1µF
Add Class Member: Failed to add class member : Component C10 100nF
Add Class Member: Failed to add class member : Component C11 100nF
Add Class Member: Failed to add class member : Component C12 100nF
Add Class Member: Failed to add class member : Component C13 100nF
Add Class Member: Failed to add class member : Component C14 100nF
Add Class Member: Failed to add class member : Component C15 100nF
Add Class Member: Failed to add class member : Component C16 10nF
Add Class Member: Failed to add class member : Component C17 10nF
Add Class Member: Failed to add class member : Component C18 10nF
Add Class Member: Failed to add class member : Component C19 0.1µF
Add Class Member: Failed to add class member : Component C20 0.1µF
Add Class Member: Failed to add class member : Component ESP32 ESP32_Placeholder
Add Class Member: Failed to add class member : Component J1 Audio_Jack
Add Class Member: Failed to add class member : Component J3 Mode_Button_RGB
Add Class Member: Failed to add class member : Component J4 B
Add Class Member: Failed to add class member : Component J5 G
Add Class Member: Failed to add class member : Component J6 R
Add Class Member: Failed to add class member : Component J7 B
Add Class Member: Failed to add class member : Component J8 G
Add Class Member: Failed to add class member : Component J9 R
Add Class Member: Failed to add class member : Component J10 POWER_Button_RGB
Add Class Member: Failed to add class member : Component J12 PAUSE_Button_RGB
Add Class Member: Failed to add class member : Component J13 NEXT_Button_RGB
Add Class Member: Failed to add class member : Component J14 PREV_Button_RGB
Add Class Member: Failed to add class member : Component J15 R
Add Class Member: Failed to add class member : Component J16 G
Add Class Member: Failed to add class member : Component J17 B
Add Class Member: Failed to add class member : Component J18 R
Add Class Member: Failed to add class member : Component J19 G
Add Class Member: Failed to add class member : Component J20 B
Add Class Member: Failed to add class member : Component J21 R
Add Class Member: Failed to add class member : Component J22 G
Add Class Member: Failed to add class member : Component J23 B
Add Class Member: Failed to add class member : Component J24 LEDS
Add Class Member: Failed to add class member : Component Q1 BC547C
Add Class Member: Failed to add class member : Component R1 10K
Add Class Member: Failed to add class member : Component R2 10K
Add Class Member: Failed to add class member : Component R3 51K
Add Class Member: Failed to add class member : Component R4 33K
Add Class Member: Failed to add class member : Component R5 9.1K
Add Class Member: Failed to add class member : Component R8 10K
Add Class Member: Failed to add class member : Component R9 10K
Add Class Member: Failed to add class member : Component R10 20K
Add Class Member: Failed to add class member : Component R11 20K
Add Class Member: Failed to add class member : Component R12 10K
Add Class Member: Failed to add class member : Component R13 10K
Add Class Member: Failed to add class member : Component R17 20k
Add Class Member: Failed to add class member : Component R18 10k
Add Class Member: Failed to add class member : Component R19 330R
Add Class Member: Failed to add class member : Component R20 220R
Add Class Member: Failed to add class member : Component R21 220R
Add Class Member: Failed to add class member : Component R22 330R
Add Class Member: Failed to add class member : Component R23 220R
Add Class Member: Failed to add class member : Component R24 220R
Add Class Member: Failed to add class member : Component R25 20k
Add Class Member: Failed to add class member : Component R26 100
Add Class Member: Failed to add class member : Component R27 100K
Add Class Member: Failed to add class member : Component R28 330R
Add Class Member: Failed to add class member : Component R29 220R
Add Class Member: Failed to add class member : Component R30 220R
Add Class Member: Failed to add class member : Component R31 330R
Add Class Member: Failed to add class member : Component R32 220R
Add Class Member: Failed to add class member : Component R33 220R
Add Class Member: Failed to add class member : Component R34 330R
Add Class Member: Failed to add class member : Component R35 220R
Add Class Member: Failed to add class member : Component R36 220R
Add Class Member: Failed to add class member : Component U1 SI5351A-B-GTR
Add Class Member: Failed to add class member : Component U2 PAM8403DR
Add Class Member: Failed to add class member : Component U3 m18 BT audio in
Add Class Member: Failed to add class member : Component U4 MSGEQ7
Add Class Member: Failed to add class member : Component U5 MSGEQ7
Add Class Member: Failed to add class member : Component U6 MSGEQ7
Add Class Member: Failed to add class member : Component U7 74HC74N,652
Add Class Member: Failed to add class member : Component X1 ABM8W-25.0000MHZ-8-D1X-T3
